[1.041s] Invoking command in '/home/robu/work/robukapemn19_ws/src/robu': PYTHONPATH=/home/robu/work/robukapemn19_ws/build/robu/prefix_override:/home/robu/work/robukapemn19_ws/install/robu/lib/python3.10/site-packages:${PYTHONPATH} /usr/bin/python3 setup.py egg_info --egg-base ../../build/robu build --build-base /home/robu/work/robukapemn19_ws/build/robu/build install --record /home/robu/work/robukapemn19_ws/build/robu/install.log --single-version-externally-managed
[1.431s] running egg_info
[1.431s] writing ../../build/robu/robu.egg-info/PKG-INFO
[1.432s] writing dependency_links to ../../build/robu/robu.egg-info/dependency_links.txt
[1.433s] writing entry points to ../../build/robu/robu.egg-info/entry_points.txt
[1.433s] writing requirements to ../../build/robu/robu.egg-info/requires.txt
[1.433s] writing top-level names to ../../build/robu/robu.egg-info/top_level.txt
[1.437s] reading manifest file '../../build/robu/robu.egg-info/SOURCES.txt'
[1.438s] writing manifest file '../../build/robu/robu.egg-info/SOURCES.txt'
[1.439s] running build
[1.439s] running build_py
[1.440s] running install
[1.440s] running install_lib
[1.442s] running install_data
[1.443s] running install_egg_info
[1.446s] removing '/home/robu/work/robukapemn19_ws/install/robu/lib/python3.10/site-packages/robu-0.0.0-py3.10.egg-info' (and everything under it)
[1.453s] Copying ../../build/robu/robu.egg-info to /home/robu/work/robukapemn19_ws/install/robu/lib/python3.10/site-packages/robu-0.0.0-py3.10.egg-info
[1.455s] running install_scripts
[1.485s] Installing mypublisher script to /home/robu/work/robukapemn19_ws/install/robu/lib/robu
[1.486s] Installing mysubsciber script to /home/robu/work/robukapemn19_ws/install/robu/lib/robu
[1.487s] Installing wallfollower script to /home/robu/work/robukapemn19_ws/install/robu/lib/robu
[1.488s] writing list of installed files to '/home/robu/work/robukapemn19_ws/build/robu/install.log'
[1.533s] Invoked command in '/home/robu/work/robukapemn19_ws/src/robu' returned '0': PYTHONPATH=/home/robu/work/robukapemn19_ws/build/robu/prefix_override:/home/robu/work/robukapemn19_ws/install/robu/lib/python3.10/site-packages:${PYTHONPATH} /usr/bin/python3 setup.py egg_info --egg-base ../../build/robu build --build-base /home/robu/work/robukapemn19_ws/build/robu/build install --record /home/robu/work/robukapemn19_ws/build/robu/install.log --single-version-externally-managed
