[1.022s] Invoking command in '/home/robu/work/robukapemn19_ws/src/robu': PYTHONPATH=/home/robu/work/robukapemn19_ws/build/robu/prefix_override:/home/robu/work/robukapemn19_ws/install/robu/lib/python3.10/site-packages:${PYTHONPATH} /usr/bin/python3 setup.py egg_info --egg-base ../../build/robu build --build-base /home/robu/work/robukapemn19_ws/build/robu/build install --record /home/robu/work/robukapemn19_ws/build/robu/install.log --single-version-externally-managed
[1.379s] running egg_info
[1.379s] writing ../../build/robu/robu.egg-info/PKG-INFO
[1.380s] writing dependency_links to ../../build/robu/robu.egg-info/dependency_links.txt
[1.380s] writing entry points to ../../build/robu/robu.egg-info/entry_points.txt
[1.380s] writing requirements to ../../build/robu/robu.egg-info/requires.txt
[1.381s] writing top-level names to ../../build/robu/robu.egg-info/top_level.txt
[1.383s] reading manifest file '../../build/robu/robu.egg-info/SOURCES.txt'
[1.385s] writing manifest file '../../build/robu/robu.egg-info/SOURCES.txt'
[1.386s] running build
[1.386s] running build_py
[1.386s] copying robu/ex10_wallfollower.py -> /home/robu/work/robukapemn19_ws/build/robu/build/lib/robu
[1.386s] running install
[1.387s] running install_lib
[1.389s] copying /home/robu/work/robukapemn19_ws/build/robu/build/lib/robu/ex10_wallfollower.py -> /home/robu/work/robukapemn19_ws/install/robu/lib/python3.10/site-packages/robu
[1.389s] byte-compiling /home/robu/work/robukapemn19_ws/install/robu/lib/python3.10/site-packages/robu/ex10_wallfollower.py to ex10_wallfollower.cpython-310.pyc
[1.393s] running install_data
[1.393s] running install_egg_info
[1.393s] removing '/home/robu/work/robukapemn19_ws/install/robu/lib/python3.10/site-packages/robu-0.0.0-py3.10.egg-info' (and everything under it)
[1.394s] Copying ../../build/robu/robu.egg-info to /home/robu/work/robukapemn19_ws/install/robu/lib/python3.10/site-packages/robu-0.0.0-py3.10.egg-info
[1.398s] running install_scripts
[1.431s] Installing ex10_wallfollower script to /home/robu/work/robukapemn19_ws/install/robu/lib/robu
[1.431s] Installing mypublisher script to /home/robu/work/robukapemn19_ws/install/robu/lib/robu
[1.432s] Installing mysubsciber script to /home/robu/work/robukapemn19_ws/install/robu/lib/robu
[1.432s] writing list of installed files to '/home/robu/work/robukapemn19_ws/build/robu/install.log'
[1.492s] Invoked command in '/home/robu/work/robukapemn19_ws/src/robu' returned '0': PYTHONPATH=/home/robu/work/robukapemn19_ws/build/robu/prefix_override:/home/robu/work/robukapemn19_ws/install/robu/lib/python3.10/site-packages:${PYTHONPATH} /usr/bin/python3 setup.py egg_info --egg-base ../../build/robu build --build-base /home/robu/work/robukapemn19_ws/build/robu/build install --record /home/robu/work/robukapemn19_ws/build/robu/install.log --single-version-externally-managed
