[1.124s] Invoking command in '/home/robu/work/robukapemn19_ws/src/robu': PYTHONPATH=/home/robu/work/robukapemn19_ws/build/robu/prefix_override:/home/robu/work/robukapemn19_ws/install/robu/lib/python3.10/site-packages:${PYTHONPATH} /usr/bin/python3 setup.py egg_info --egg-base ../../build/robu build --build-base /home/robu/work/robukapemn19_ws/build/robu/build install --record /home/robu/work/robukapemn19_ws/build/robu/install.log --single-version-externally-managed
[1.633s] running egg_info
[1.634s] writing ../../build/robu/robu.egg-info/PKG-INFO
[1.639s] writing dependency_links to ../../build/robu/robu.egg-info/dependency_links.txt
[1.640s] writing entry points to ../../build/robu/robu.egg-info/entry_points.txt
[1.640s] writing requirements to ../../build/robu/robu.egg-info/requires.txt
[1.640s] writing top-level names to ../../build/robu/robu.egg-info/top_level.txt
[1.645s] reading manifest file '../../build/robu/robu.egg-info/SOURCES.txt'
[1.648s] writing manifest file '../../build/robu/robu.egg-info/SOURCES.txt'
[1.649s] running build
[1.649s] running build_py
[1.650s] copying robu/ex10_wallfollower.py -> /home/robu/work/robukapemn19_ws/build/robu/build/lib/robu
[1.651s] running install
[1.652s] running install_lib
[1.654s] copying /home/robu/work/robukapemn19_ws/build/robu/build/lib/robu/ex10_wallfollower.py -> /home/robu/work/robukapemn19_ws/install/robu/lib/python3.10/site-packages/robu
[1.655s] byte-compiling /home/robu/work/robukapemn19_ws/install/robu/lib/python3.10/site-packages/robu/ex10_wallfollower.py to ex10_wallfollower.cpython-310.pyc
[1.656s] running install_data
[1.657s] running install_egg_info
[1.660s] removing '/home/robu/work/robukapemn19_ws/install/robu/lib/python3.10/site-packages/robu-0.0.0-py3.10.egg-info' (and everything under it)
[1.668s] Copying ../../build/robu/robu.egg-info to /home/robu/work/robukapemn19_ws/install/robu/lib/python3.10/site-packages/robu-0.0.0-py3.10.egg-info
[1.669s] running install_scripts
[1.698s] Installing mypublisher script to /home/robu/work/robukapemn19_ws/install/robu/lib/robu
[1.698s] Installing mysubsciber script to /home/robu/work/robukapemn19_ws/install/robu/lib/robu
[1.699s] Installing wallfollower script to /home/robu/work/robukapemn19_ws/install/robu/lib/robu
[1.699s] writing list of installed files to '/home/robu/work/robukapemn19_ws/build/robu/install.log'
[1.774s] Invoked command in '/home/robu/work/robukapemn19_ws/src/robu' returned '0': PYTHONPATH=/home/robu/work/robukapemn19_ws/build/robu/prefix_override:/home/robu/work/robukapemn19_ws/install/robu/lib/python3.10/site-packages:${PYTHONPATH} /usr/bin/python3 setup.py egg_info --egg-base ../../build/robu build --build-base /home/robu/work/robukapemn19_ws/build/robu/build install --record /home/robu/work/robukapemn19_ws/build/robu/install.log --single-version-externally-managed
