[1.112s] Invoking command in '/home/robu/work/robukapemn19_ws/src/robu': PYTHONPATH=/home/robu/work/robukapemn19_ws/build/robu/prefix_override:/home/robu/work/robukapemn19_ws/install/robu/lib/python3.10/site-packages:${PYTHONPATH} /usr/bin/python3 setup.py egg_info --egg-base ../../build/robu build --build-base /home/robu/work/robukapemn19_ws/build/robu/build install --record /home/robu/work/robukapemn19_ws/build/robu/install.log --single-version-externally-managed
[1.444s] running egg_info
[1.445s] writing ../../build/robu/robu.egg-info/PKG-INFO
[1.451s] writing dependency_links to ../../build/robu/robu.egg-info/dependency_links.txt
[1.451s] writing entry points to ../../build/robu/robu.egg-info/entry_points.txt
[1.451s] writing requirements to ../../build/robu/robu.egg-info/requires.txt
[1.452s] writing top-level names to ../../build/robu/robu.egg-info/top_level.txt
[1.457s] reading manifest file '../../build/robu/robu.egg-info/SOURCES.txt'
[1.459s] writing manifest file '../../build/robu/robu.egg-info/SOURCES.txt'
[1.459s] running build
[1.459s] running build_py
[1.460s] copying robu/ex11_parameter.py -> /home/robu/work/robukapemn19_ws/build/robu/build/lib/robu
[1.460s] copying robu/ex10_wallfollower.py -> /home/robu/work/robukapemn19_ws/build/robu/build/lib/robu
[1.461s] running install
[1.461s] running install_lib
[1.463s] copying /home/robu/work/robukapemn19_ws/build/robu/build/lib/robu/ex11_parameter.py -> /home/robu/work/robukapemn19_ws/install/robu/lib/python3.10/site-packages/robu
[1.463s] copying /home/robu/work/robukapemn19_ws/build/robu/build/lib/robu/ex10_wallfollower.py -> /home/robu/work/robukapemn19_ws/install/robu/lib/python3.10/site-packages/robu
[1.464s] byte-compiling /home/robu/work/robukapemn19_ws/install/robu/lib/python3.10/site-packages/robu/ex11_parameter.py to ex11_parameter.cpython-310.pyc
[1.465s] byte-compiling /home/robu/work/robukapemn19_ws/install/robu/lib/python3.10/site-packages/robu/ex10_wallfollower.py to ex10_wallfollower.cpython-310.pyc
[1.467s] running install_data
[1.468s] running install_egg_info
[1.470s] removing '/home/robu/work/robukapemn19_ws/install/robu/lib/python3.10/site-packages/robu-0.0.0-py3.10.egg-info' (and everything under it)
[1.471s] Copying ../../build/robu/robu.egg-info to /home/robu/work/robukapemn19_ws/install/robu/lib/python3.10/site-packages/robu-0.0.0-py3.10.egg-info
[1.473s] running install_scripts
[1.497s] Installing mypublisher script to /home/robu/work/robukapemn19_ws/install/robu/lib/robu
[1.497s] Installing mysubsciber script to /home/robu/work/robukapemn19_ws/install/robu/lib/robu
[1.505s] Installing wallfollower script to /home/robu/work/robukapemn19_ws/install/robu/lib/robu
[1.505s] writing list of installed files to '/home/robu/work/robukapemn19_ws/build/robu/install.log'
[1.538s] Invoked command in '/home/robu/work/robukapemn19_ws/src/robu' returned '0': PYTHONPATH=/home/robu/work/robukapemn19_ws/build/robu/prefix_override:/home/robu/work/robukapemn19_ws/install/robu/lib/python3.10/site-packages:${PYTHONPATH} /usr/bin/python3 setup.py egg_info --egg-base ../../build/robu build --build-base /home/robu/work/robukapemn19_ws/build/robu/build install --record /home/robu/work/robukapemn19_ws/build/robu/install.log --single-version-externally-managed
