[1.070s] Invoking command in '/home/robu/work/robukapemn19_ws/src/robu': PYTHONPATH=/home/robu/work/robukapemn19_ws/build/robu/prefix_override:/home/robu/work/robukapemn19_ws/install/robu/lib/python3.10/site-packages:${PYTHONPATH} /usr/bin/python3 setup.py egg_info --egg-base ../../build/robu build --build-base /home/robu/work/robukapemn19_ws/build/robu/build install --record /home/robu/work/robukapemn19_ws/build/robu/install.log --single-version-externally-managed
[1.538s] running egg_info
[1.539s] writing ../../build/robu/robu.egg-info/PKG-INFO
[1.540s] writing dependency_links to ../../build/robu/robu.egg-info/dependency_links.txt
[1.540s] writing entry points to ../../build/robu/robu.egg-info/entry_points.txt
[1.541s] writing requirements to ../../build/robu/robu.egg-info/requires.txt
[1.541s] writing top-level names to ../../build/robu/robu.egg-info/top_level.txt
[1.547s] reading manifest file '../../build/robu/robu.egg-info/SOURCES.txt'
[1.548s] writing manifest file '../../build/robu/robu.egg-info/SOURCES.txt'
[1.549s] running build
[1.549s] running build_py
[1.549s] copying robu/ex10_wallfollower.py -> /home/robu/work/robukapemn19_ws/build/robu/build/lib/robu
[1.550s] running install
[1.551s] running install_lib
[1.552s] copying /home/robu/work/robukapemn19_ws/build/robu/build/lib/robu/ex10_wallfollower.py -> /home/robu/work/robukapemn19_ws/install/robu/lib/python3.10/site-packages/robu
[1.553s] byte-compiling /home/robu/work/robukapemn19_ws/install/robu/lib/python3.10/site-packages/robu/ex10_wallfollower.py to ex10_wallfollower.cpython-310.pyc
[1.555s] running install_data
[1.556s] running install_egg_info
[1.559s] removing '/home/robu/work/robukapemn19_ws/install/robu/lib/python3.10/site-packages/robu-0.0.0-py3.10.egg-info' (and everything under it)
[1.560s] Copying ../../build/robu/robu.egg-info to /home/robu/work/robukapemn19_ws/install/robu/lib/python3.10/site-packages/robu-0.0.0-py3.10.egg-info
[1.562s] running install_scripts
[1.589s] Installing mypublisher script to /home/robu/work/robukapemn19_ws/install/robu/lib/robu
[1.590s] Installing mysubsciber script to /home/robu/work/robukapemn19_ws/install/robu/lib/robu
[1.591s] Installing wallfollower script to /home/robu/work/robukapemn19_ws/install/robu/lib/robu
[1.591s] writing list of installed files to '/home/robu/work/robukapemn19_ws/build/robu/install.log'
[1.657s] Invoked command in '/home/robu/work/robukapemn19_ws/src/robu' returned '0': PYTHONPATH=/home/robu/work/robukapemn19_ws/build/robu/prefix_override:/home/robu/work/robukapemn19_ws/install/robu/lib/python3.10/site-packages:${PYTHONPATH} /usr/bin/python3 setup.py egg_info --egg-base ../../build/robu build --build-base /home/robu/work/robukapemn19_ws/build/robu/build install --record /home/robu/work/robukapemn19_ws/build/robu/install.log --single-version-externally-managed
