[1.217s] Invoking command in '/home/robu/work/robukapemn19_ws/src/robu': PYTHONPATH=/home/robu/work/robukapemn19_ws/build/robu/prefix_override:/home/robu/work/robukapemn19_ws/install/robu/lib/python3.10/site-packages:${PYTHONPATH} /usr/bin/python3 setup.py egg_info --egg-base ../../build/robu build --build-base /home/robu/work/robukapemn19_ws/build/robu/build install --record /home/robu/work/robukapemn19_ws/build/robu/install.log --single-version-externally-managed
[1.652s] running egg_info
[1.653s] writing ../../build/robu/robu.egg-info/PKG-INFO
[1.653s] writing dependency_links to ../../build/robu/robu.egg-info/dependency_links.txt
[1.654s] writing entry points to ../../build/robu/robu.egg-info/entry_points.txt
[1.656s] writing requirements to ../../build/robu/robu.egg-info/requires.txt
[1.657s] writing top-level names to ../../build/robu/robu.egg-info/top_level.txt
[1.660s] reading manifest file '../../build/robu/robu.egg-info/SOURCES.txt'
[1.661s] writing manifest file '../../build/robu/robu.egg-info/SOURCES.txt'
[1.662s] running build
[1.662s] running build_py
[1.663s] copying robu/ex10_wallfollower.py -> /home/robu/work/robukapemn19_ws/build/robu/build/lib/robu
[1.663s] running install
[1.664s] running install_lib
[1.665s] copying /home/robu/work/robukapemn19_ws/build/robu/build/lib/robu/ex10_wallfollower.py -> /home/robu/work/robukapemn19_ws/install/robu/lib/python3.10/site-packages/robu
[1.667s] byte-compiling /home/robu/work/robukapemn19_ws/install/robu/lib/python3.10/site-packages/robu/ex10_wallfollower.py to ex10_wallfollower.cpython-310.pyc
[1.668s] running install_data
[1.670s] running install_egg_info
[1.671s] removing '/home/robu/work/robukapemn19_ws/install/robu/lib/python3.10/site-packages/robu-0.0.0-py3.10.egg-info' (and everything under it)
[1.672s] Copying ../../build/robu/robu.egg-info to /home/robu/work/robukapemn19_ws/install/robu/lib/python3.10/site-packages/robu-0.0.0-py3.10.egg-info
[1.674s] running install_scripts
[1.705s] Installing mypublisher script to /home/robu/work/robukapemn19_ws/install/robu/lib/robu
[1.706s] Installing mysubsciber script to /home/robu/work/robukapemn19_ws/install/robu/lib/robu
[1.707s] Installing wallfollower script to /home/robu/work/robukapemn19_ws/install/robu/lib/robu
[1.707s] writing list of installed files to '/home/robu/work/robukapemn19_ws/build/robu/install.log'
[1.793s] Invoked command in '/home/robu/work/robukapemn19_ws/src/robu' returned '0': PYTHONPATH=/home/robu/work/robukapemn19_ws/build/robu/prefix_override:/home/robu/work/robukapemn19_ws/install/robu/lib/python3.10/site-packages:${PYTHONPATH} /usr/bin/python3 setup.py egg_info --egg-base ../../build/robu build --build-base /home/robu/work/robukapemn19_ws/build/robu/build install --record /home/robu/work/robukapemn19_ws/build/robu/install.log --single-version-externally-managed
