[0.936s] Invoking command in '/home/robu/work/robukapemn19_ws/src/robu': PYTHONPATH=/home/robu/work/robukapemn19_ws/build/robu/prefix_override:/home/robu/work/robukapemn19_ws/install/robu/lib/python3.10/site-packages:${PYTHONPATH} /usr/bin/python3 setup.py egg_info --egg-base ../../build/robu build --build-base /home/robu/work/robukapemn19_ws/build/robu/build install --record /home/robu/work/robukapemn19_ws/build/robu/install.log --single-version-externally-managed
[1.272s] running egg_info
[1.273s] writing ../../build/robu/robu.egg-info/PKG-INFO
[1.273s] writing dependency_links to ../../build/robu/robu.egg-info/dependency_links.txt
[1.274s] writing entry points to ../../build/robu/robu.egg-info/entry_points.txt
[1.274s] writing requirements to ../../build/robu/robu.egg-info/requires.txt
[1.274s] writing top-level names to ../../build/robu/robu.egg-info/top_level.txt
[1.276s] reading manifest file '../../build/robu/robu.egg-info/SOURCES.txt'
[1.277s] writing manifest file '../../build/robu/robu.egg-info/SOURCES.txt'
[1.277s] running build
[1.278s] running build_py
[1.278s] copying robu/ex11_parameter.py -> /home/robu/work/robukapemn19_ws/build/robu/build/lib/robu
[1.278s] running install
[1.279s] running install_lib
[1.280s] copying /home/robu/work/robukapemn19_ws/build/robu/build/lib/robu/ex11_parameter.py -> /home/robu/work/robukapemn19_ws/install/robu/lib/python3.10/site-packages/robu
[1.280s] byte-compiling /home/robu/work/robukapemn19_ws/install/robu/lib/python3.10/site-packages/robu/ex11_parameter.py to ex11_parameter.cpython-310.pyc
[1.281s] running install_data
[1.282s] running install_egg_info
[1.284s] removing '/home/robu/work/robukapemn19_ws/install/robu/lib/python3.10/site-packages/robu-0.0.0-py3.10.egg-info' (and everything under it)
[1.284s] Copying ../../build/robu/robu.egg-info to /home/robu/work/robukapemn19_ws/install/robu/lib/python3.10/site-packages/robu-0.0.0-py3.10.egg-info
[1.286s] running install_scripts
[1.309s] Installing myparameter script to /home/robu/work/robukapemn19_ws/install/robu/lib/robu
[1.309s] Installing mypublisher script to /home/robu/work/robukapemn19_ws/install/robu/lib/robu
[1.309s] Installing mysubsciber script to /home/robu/work/robukapemn19_ws/install/robu/lib/robu
[1.310s] Installing wallfollower script to /home/robu/work/robukapemn19_ws/install/robu/lib/robu
[1.310s] writing list of installed files to '/home/robu/work/robukapemn19_ws/build/robu/install.log'
[1.351s] Invoked command in '/home/robu/work/robukapemn19_ws/src/robu' returned '0': PYTHONPATH=/home/robu/work/robukapemn19_ws/build/robu/prefix_override:/home/robu/work/robukapemn19_ws/install/robu/lib/python3.10/site-packages:${PYTHONPATH} /usr/bin/python3 setup.py egg_info --egg-base ../../build/robu build --build-base /home/robu/work/robukapemn19_ws/build/robu/build install --record /home/robu/work/robukapemn19_ws/build/robu/install.log --single-version-externally-managed
